#
# There is insufficient memory for the Java Runtime Environment to continue.
# Native memory allocation (mmap) failed to map 266338304 bytes for G1 virtual space
# Possible reasons:
#   The system is out of physical RAM or swap space
#   The process is running with CompressedOops enabled, and the Java Heap may be blocking the growth of the native heap
# Possible solutions:
#   Reduce memory load on the system
#   Increase physical memory or swap space
#   Check if swap backing store is full
#   Decrease Java heap size (-Xmx/-Xms)
#   Decrease number of Java threads
#   Decrease Java thread stack sizes (-Xss)
#   Set larger code cache with -XX:ReservedCodeCacheSize=
#   JVM is running with Zero Based Compressed Oops mode in which the Java heap is
#     placed in the first 32GB address space. The Java Heap base address is the
#     maximum limit for the native heap growth. Please use -XX:HeapBaseMinAddress
#     to set the Java Heap base and to place the Java Heap above 32GB virtual address.
# This output file may be truncated or incomplete.
#
#  Out of Memory Error (os_windows.cpp:3548), pid=14936, tid=2704
#
# JRE version:  (17.0.5+8) (build )
# Java VM: OpenJDK 64-Bit Server VM (17.0.5+8-LTS, mixed mode, emulated-client, sharing, tiered, compressed oops, compressed class ptrs, g1 gc, windows-amd64)
# No core dump will be written. Minidumps are not enabled by default on client versions of Windows
#

---------------  S U M M A R Y ------------

Command Line: -XX:TieredStopAtLevel=1 -Dfile.encoding=windows-1252 -Duser.country=BR -Duser.language=pt -Duser.variant com.br.agilize.dash.DashApplication

Host: Intel(R) Core(TM) i7-8750H CPU @ 2.20GHz, 12 cores, 15G,  Windows 11 , 64 bit Build 25905 (10.0.25905.1000)
Time: Sat Jul 22 15:42:22 2023 Hora oficial do Brasil elapsed time: 2.044699 seconds (0d 0h 0m 2s)

---------------  T H R E A D  ---------------

Current thread (0x0000016369ead740):  JavaThread "Unknown thread" [_thread_in_vm, id=2704, stack(0x0000000a2c300000,0x0000000a2c400000)]

Stack: [0x0000000a2c300000,0x0000000a2c400000]
Native frames: (J=compiled Java code, j=interpreted, Vv=VM code, C=native code)
V  [jvm.dll+0x646e0a]
V  [jvm.dll+0x7f7f14]
V  [jvm.dll+0x7f96ce]
V  [jvm.dll+0x7f9d23]
V  [jvm.dll+0x234c98]
V  [jvm.dll+0x643d6a]
V  [jvm.dll+0x63849a]
V  [jvm.dll+0x2f2ed9]
V  [jvm.dll+0x2fa066]
V  [jvm.dll+0x345a2a]
V  [jvm.dll+0x345c6f]
V  [jvm.dll+0x2c9378]
V  [jvm.dll+0x2ca309]
V  [jvm.dll+0x7cb681]
V  [jvm.dll+0x352eb1]
V  [jvm.dll+0x7abb8e]
V  [jvm.dll+0x3ce293]
V  [jvm.dll+0x3cfc91]
C  [jli.dll+0x519f]
C  [ucrtbase.dll+0x609e1]
C  [KERNEL32.DLL+0x124d8]
C  [ntdll.dll+0x4091]


---------------  P R O C E S S  ---------------

Threads class SMR info:
_java_thread_list=0x00007ffbf3876758, length=0, elements={
}

Java Threads: ( => current thread )

Other Threads:
  0x0000016369f19540 GCTaskThread "GC Thread#0" [stack: 0x0000000a2c400000,0x0000000a2c500000] [id=18928]
  0x0000016369f2af20 ConcurrentGCThread "G1 Main Marker" [stack: 0x0000000a2c500000,0x0000000a2c600000] [id=20012]
  0x0000016369f2b930 ConcurrentGCThread "G1 Conc#0" [stack: 0x0000000a2c600000,0x0000000a2c700000] [id=26780]

[error occurred during error reporting (printing all threads), id 0xc0000005, EXCEPTION_ACCESS_VIOLATION (0xc0000005) at pc=0x00007ffbf306a567]

VM state: not at safepoint (not fully initialized)

VM Mutex/Monitor currently owned by a thread:  ([mutex/lock_event])
[0x0000016369ea78c0] Heap_lock - owner thread: 0x0000016369ead740

Heap address: 0x0000000702200000, size: 4062 MB, Compressed Oops mode: Zero based, Oop shift amount: 3

CDS archive(s) mapped at: [0x0000000000000000-0x0000000000000000-0x0000000000000000), size 0, SharedBaseAddress: 0x0000000800000000, ArchiveRelocationMode: 0.
Narrow klass base: 0x0000000000000000, Narrow klass shift: 0, Narrow klass range: 0x0

GC Precious Log:
<Empty>

Heap:
 garbage-first heap   total 0K, used 0K [0x0000000702200000, 0x0000000800000000)
  region size 2048K, 0 young (0K), 0 survivors (0K)

[error occurred during error reporting (printing heap information), id 0xc0000005, EXCEPTION_ACCESS_VIOLATION (0xc0000005) at pc=0x00007ffbf342e739]

GC Heap History (0 events):
No events

Dll operation events (1 events):
Event: 0.018 Loaded shared library C:\Users\guilh\.jdks\corretto-17.0.5\bin\java.dll

Deoptimization events (0 events):
No events

Classes unloaded (0 events):
No events

Classes redefined (0 events):
No events

Internal exceptions (0 events):
No events

VM Operations (0 events):
No events

Events (0 events):
No events


Dynamic libraries:
0x00007ff6d43f0000 - 0x00007ff6d43fd000 	C:\Users\guilh\.jdks\corretto-17.0.5\bin\java.exe
0x00007ffca3b80000 - 0x00007ffca3dab000 	C:\WINDOWS\SYSTEM32\ntdll.dll
0x00007ffca2400000 - 0x00007ffca24c6000 	C:\WINDOWS\System32\KERNEL32.DLL
0x00007ffca0fb0000 - 0x00007ffca130e000 	C:\WINDOWS\System32\KERNELBASE.dll
0x00007ffca1510000 - 0x00007ffca1643000 	C:\WINDOWS\System32\ucrtbase.dll
0x00007ffc86a50000 - 0x00007ffc86a67000 	C:\Users\guilh\.jdks\corretto-17.0.5\bin\jli.dll
0x00007ffc835b0000 - 0x00007ffc835c5000 	C:\Users\guilh\.jdks\corretto-17.0.5\bin\VCRUNTIME140.dll
0x00007ffca2ad0000 - 0x00007ffca2c81000 	C:\WINDOWS\System32\USER32.dll
0x00007ffc7e7d0000 - 0x00007ffc7ea61000 	C:\WINDOWS\WinSxS\amd64_microsoft.windows.common-controls_6595b64144ccf1df_6.0.25905.1000_none_87b90b8fab340372\COMCTL32.dll
0x00007ffca1320000 - 0x00007ffca1347000 	C:\WINDOWS\System32\win32u.dll
0x00007ffca3790000 - 0x00007ffca3837000 	C:\WINDOWS\System32\msvcrt.dll
0x00007ffca1c90000 - 0x00007ffca1cb9000 	C:\WINDOWS\System32\GDI32.dll
0x00007ffca1710000 - 0x00007ffca182f000 	C:\WINDOWS\System32\gdi32full.dll
0x00007ffca1350000 - 0x00007ffca13f5000 	C:\WINDOWS\System32\msvcp_win.dll
0x00007ffca38a0000 - 0x00007ffca38d0000 	C:\WINDOWS\System32\IMM32.DLL
0x00007ffc30790000 - 0x00007ffc3082b000 	C:\Users\guilh\.jdks\corretto-17.0.5\bin\msvcp140.dll
0x00007ffbf2d90000 - 0x00007ffbf39a4000 	C:\Users\guilh\.jdks\corretto-17.0.5\bin\server\jvm.dll
0x00007ffca26a0000 - 0x00007ffca2750000 	C:\WINDOWS\System32\ADVAPI32.dll
0x00007ffca1b60000 - 0x00007ffca1c00000 	C:\WINDOWS\System32\sechost.dll
0x00007ffca2940000 - 0x00007ffca2a65000 	C:\WINDOWS\System32\RPCRT4.dll
0x00007ffc8dd70000 - 0x00007ffc8dd79000 	C:\WINDOWS\SYSTEM32\WSOCK32.dll
0x00007ffc997a0000 - 0x00007ffc997d4000 	C:\WINDOWS\SYSTEM32\WINMM.dll
0x00007ffc98ce0000 - 0x00007ffc98cea000 	C:\WINDOWS\SYSTEM32\VERSION.dll
0x00007ffca25c0000 - 0x00007ffca2633000 	C:\WINDOWS\System32\WS2_32.dll
0x00007ffc9ff10000 - 0x00007ffc9ff28000 	C:\WINDOWS\SYSTEM32\kernel.appcore.dll
0x00007ffc869c0000 - 0x00007ffc869ca000 	C:\Users\guilh\.jdks\corretto-17.0.5\bin\jimage.dll
0x00007ffc9e5a0000 - 0x00007ffc9e7d5000 	C:\WINDOWS\SYSTEM32\DBGHELP.DLL
0x00007ffca2c90000 - 0x00007ffca300b000 	C:\WINDOWS\System32\combase.dll
0x00007ffca22a0000 - 0x00007ffca2375000 	C:\WINDOWS\System32\OLEAUT32.dll
0x00007ffc81e80000 - 0x00007ffc81eb8000 	C:\WINDOWS\SYSTEM32\dbgcore.DLL
0x00007ffca1480000 - 0x00007ffca1501000 	C:\WINDOWS\System32\bcryptPrimitives.dll
0x00007ffc7aee0000 - 0x00007ffc7af05000 	C:\Users\guilh\.jdks\corretto-17.0.5\bin\java.dll

dbghelp: loaded successfully - version: 4.0.5 - missing functions: none
symbol engine: initialized successfully - sym options: 0x614 - pdb path: .;C:\Users\guilh\.jdks\corretto-17.0.5\bin;C:\WINDOWS\SYSTEM32;C:\WINDOWS\WinSxS\amd64_microsoft.windows.common-controls_6595b64144ccf1df_6.0.25905.1000_none_87b90b8fab340372;C:\Users\guilh\.jdks\corretto-17.0.5\bin\server

VM Arguments:
jvm_args: -XX:TieredStopAtLevel=1 -Dfile.encoding=windows-1252 -Duser.country=BR -Duser.language=pt -Duser.variant 
java_command: com.br.agilize.dash.DashApplication
java_class_path (initial): C:\Users\guilh\Documents\curso-agilize\dash\build\classes\java\main;C:\Users\guilh\Documents\curso-agilize\dash\build\resources\main;C:\Users\guilh\.gradle\caches\modules-2\files-2.1\org.springdoc\springdoc-openapi-starter-webmvc-ui\2.0.3\135565b84c71bdea3fbbd8a909449363ea950d8a\springdoc-openapi-starter-webmvc-ui-2.0.3.jar;C:\Users\guilh\.gradle\caches\modules-2\files-2.1\org.mapstruct\mapstruct\1.5.5.Final\2ca3cbe39b6e9ea8d5ea521965a89bef2a1e8eeb\mapstruct-1.5.5.Final.jar;C:\Users\guilh\.gradle\caches\modules-2\files-2.1\org.postgresql\postgresql\42.6.0\7614cfce466145b84972781ab0079b8dea49e363\postgresql-42.6.0.jar;C:\Users\guilh\.gradle\caches\modules-2\files-2.1\org.springframework.boot\spring-boot-actuator-autoconfigure\3.1.2\6cfe8c6b28c4d0830bf08a916eb1982d2c729c8a\spring-boot-actuator-autoconfigure-3.1.2.jar;C:\Users\guilh\.gradle\caches\modules-2\files-2.1\io.micrometer\micrometer-core\1.11.2\1e71102ad29f0864c82bfd03e2bd286cb609ba59\micrometer-core-1.11.2.jar;C:\Users\guilh\.gradle\caches\modules-2\files-2.1\org.springframework.data\spring-data-rest-webmvc\4.1.2\8dc07682ddb274c7fd12060907cb068946f60967\spring-data-rest-webmvc-4.1.2.jar;C:\Users\guilh\.gradle\caches\modules-2\files-2.1\org.springdoc\springdoc-openapi-starter-webmvc-api\2.0.3\d8f9d31232b9132522ea21f30515b0d465b75902\springdoc-openapi-starter-webmvc-api-2.0.3.jar;C:\Users\guilh\.gradle\caches\modules-2\files-2.1\org.springframework\spring-webmvc\6.0.11\892b4a63b5d930c2c43058c6db0c2c65401fb078\spring-webmvc-6.0.11.jar;C:\Users\guilh\.gradle\caches\modules-2\files-2.1\org.springframework.data\spring-data-rest-core\4.1.2\35ca1d23f8b4f9e41e0d10e2435e716f6132c0a0\spring-data-rest-core-4.1.2.jar;C:\Users\guilh\.gradle\caches\modules-2\files-2.1\org.springframework.hateoas\spring-hateoas\2.1.2\480db81d13c77ceebb00350744303cd2effe2d2d\spring-hateoas-2.1.2.jar;C:\Users\guilh\.gradle\caches\modules-2\files-2.1\org.springframework\spring-web\6.0.11\c32a7bf6b88b83bac6aa63866fcf
Launcher Type: SUN_STANDARD

[Global flags]
     intx CICompilerCount                          = 4                                         {product} {ergonomic}
     uint ConcGCThreads                            = 3                                         {product} {ergonomic}
     uint G1ConcRefinementThreads                  = 10                                        {product} {ergonomic}
   size_t G1HeapRegionSize                         = 2097152                                   {product} {ergonomic}
    uintx GCDrainStackTargetSize                   = 64                                        {product} {ergonomic}
   size_t InitialHeapSize                          = 266338304                                 {product} {ergonomic}
   size_t MarkStackSize                            = 4194304                                   {product} {ergonomic}
   size_t MaxHeapSize                              = 4259315712                                {product} {ergonomic}
   size_t MinHeapDeltaBytes                        = 2097152                                   {product} {ergonomic}
   size_t MinHeapSize                              = 8388608                                   {product} {ergonomic}
    uintx NonProfiledCodeHeapSize                  = 0                                      {pd product} {ergonomic}
     bool ProfileInterpreter                       = false                                  {pd product} {command line}
    uintx ProfiledCodeHeapSize                     = 0                                      {pd product} {ergonomic}
   size_t SoftMaxHeapSize                          = 4259315712                             {manageable} {ergonomic}
     intx TieredStopAtLevel                        = 1                                         {product} {command line}
     bool UseCompressedClassPointers               = true                           {product lp64_product} {ergonomic}
     bool UseCompressedOops                        = true                           {product lp64_product} {ergonomic}
     bool UseG1GC                                  = true                                      {product} {ergonomic}
     bool UseLargePagesIndividualAllocation        = false                                  {pd product} {ergonomic}

Logging:
Log output configuration:
 #0: stdout all=warning uptime,level,tags
 #1: stderr all=off uptime,level,tags

Environment Variables:
JAVA_HOME=C:\Program Files\RedHat\java-11-openjdk-11.0.10-1
PATH=C:\Program Files\Common Files\Oracle\Java\javapath;C:\Program Files (x86)\Common Files\Oracle\Java\javapath;C:\Program Files (x86)\Microsoft SDKs\Azure\CLI2\wbin;C:\Windows\system32;C:\Windows;C:\Windows\System32\Wbem;C:\Windows\System32\WindowsPowerShell\v1.0\;C:\Windows\System32\OpenSSH\;C:\Program Files\NVIDIA Corporation\NVIDIA NvDLISR;C:\Program Files (x86)\NVIDIA Corporation\PhysX\Common;C:\ProgramData\chocolatey\bin;C:\Program Files\RedHat\java-11-openjdk-11.0.10-1\bin;C:\flutter\bin;C:\Users\guilh\AppData\Local\Android\Sdk\emulator;C:\Users\guilh\AppData\Local\Android\Sdk\tools;C:\Users\guilh\AppData\Local\Android\Sdk\tools\bin;C:\Users\guilh\AppData\Local\Android\Sdk\platform-tools;C:\Program Files\dotnet\;C:\Program Files\Microsoft SQL Server\130\Tools\Binn\;C:\Program Files\Git\cmd;C:\WINDOWS\system32;C:\WINDOWS;C:\WINDOWS\System32\Wbem;C:\WINDOWS\System32\WindowsPowerShell\v1.0\;C:\WINDOWS\System32\OpenSSH\;C:\Program Files\usbipd-win\;C:\Program Files\Docker\Docker\resources\bin;C:\Users\guilh\AppData\Roaming\nvm;C:\Program Files\nodejs;C:\Users\guilh\.cargo\bin;C:\Users\guilh\anaconda3;C:\Users\guilh\anaconda3\Library\mingw-w64\bin;C:\Users\guilh\anaconda3\Library\usr\bin;C:\Users\guilh\anaconda3\Library\bin;C:\Users\guilh\anaconda3\Scripts;C:\Users\guilh\AppData\Local\Programs\Python\Python310\Scripts\;C:\Users\guilh\AppData\Local\Programs\Python\Python310\;C:\Users\guilh\AppData\Local\Microsoft\WindowsApps;C:\Users\guilh\AppData\Local\Programs\Microsoft VS Code\bin;C:\gradle-6.8.2\bin;C:\Users\guilh\AppData\Local\Google\Cloud SDK\google-cloud-sdk\bin;C:\flutter\bin;C:\tools\dart-sdk\bin;C:\Users\guilh\AppData\Roaming\Pub\Cache\bin;C:\tools\flutter\bin;C:\Users\guilh\AppData\Roaming\npm;C:\Users\guilh\AppData\Roaming\nvm;C:\Program Files\nodejs;
USERNAME=guilh
OS=Windows_NT
PROCESSOR_IDENTIFIER=Intel64 Family 6 Model 158 Stepping 10, GenuineIntel
TMP=C:\Users\guilh\AppData\Local\Temp
TEMP=C:\Users\guilh\AppData\Local\Temp



---------------  S Y S T E M  ---------------

OS:
 Windows 11 , 64 bit Build 25905 (10.0.25905.1000)
OS uptime: 6 days 19:01 hours
Hyper-V role detected

CPU: total 12 (initial active 12) (6 cores per cpu, 2 threads per core) family 6 model 158 stepping 10 microcode 0xf0, cx8, cmov, fxsr, ht, mmx, 3dnowpref, sse, sse2, sse3, ssse3, sse4.1, sse4.2, popcnt, lzcnt, tsc, tscinvbit, avx, avx2, aes, erms, clmul, bmi1, bmi2, adx, fma, vzeroupper, clflush, clflushopt, hv

Memory: 4k page, system-wide physical 16242M (247M free)
TotalPageFile size 65394M (AvailPageFile size 8M)
current process WorkingSet (physical memory assigned to process): 11M, peak: 11M
current process commit charge ("private bytes"): 59M, peak: 313M

vm_info: OpenJDK 64-Bit Server VM (17.0.5+8-LTS) for windows-amd64 JRE (17.0.5+8-LTS), built on Oct 13 2022 05:18:14 by "Administrator" with MS VC++ 15.9 (VS2017)

END.
